Determining if the pthread_create exist failed with the following output:
Change Dir: /home/roman/pb171/pb173-test/cmake-build-debug/CMakeFiles/CMakeTmp

Run Build Command:"/usr/bin/make" "cmTC_73462/fast"
/usr/bin/make -f CMakeFiles/cmTC_73462.dir/build.make CMakeFiles/cmTC_73462.dir/build
make[1]: Entering directory '/home/roman/pb171/pb173-test/cmake-build-debug/CMakeFiles/CMakeTmp'
Building C object CMakeFiles/cmTC_73462.dir/CheckSymbolExists.c.o
/usr/bin/cc    -Wall -Wextra -W -Wdeclaration-after-statement -Wwrite-strings -Wlogical-op -Wshadow    -o CMakeFiles/cmTC_73462.dir/CheckSymbolExists.c.o   -c /home/roman/pb171/pb173-test/cmake-build-debug/CMakeFiles/CMakeTmp/CheckSymbolExists.c
Linking C executable cmTC_73462
/home/roman/clion-2016.3.2/bin/cmake/bin/cmake -E cmake_link_script CMakeFiles/cmTC_73462.dir/link.txt --verbose=1
/usr/bin/cc   -Wall -Wextra -W -Wdeclaration-after-statement -Wwrite-strings -Wlogical-op -Wshadow     CMakeFiles/cmTC_73462.dir/CheckSymbolExists.c.o  -o cmTC_73462 -rdynamic 
CMakeFiles/cmTC_73462.dir/CheckSymbolExists.c.o: In function `main':
CheckSymbolExists.c:(.text+0x16): undefined reference to `pthread_create'
collect2: error: ld returned 1 exit status
CMakeFiles/cmTC_73462.dir/build.make:97: recipe for target 'cmTC_73462' failed
make[1]: *** [cmTC_73462] Error 1
make[1]: Leaving directory '/home/roman/pb171/pb173-test/cmake-build-debug/CMakeFiles/CMakeTmp'
Makefile:126: recipe for target 'cmTC_73462/fast' failed
make: *** [cmTC_73462/fast] Error 2

File /home/roman/pb171/pb173-test/cmake-build-debug/CMakeFiles/CMakeTmp/CheckSymbolExists.c:
/* */
#include <pthread.h>

int main(int argc, char** argv)
{
  (void)argv;
#ifndef pthread_create
  return ((int*)(&pthread_create))[argc];
#else
  (void)argc;
  return 0;
#endif
}

Determining if the function pthread_create exists in the pthreads failed with the following output:
Change Dir: /home/roman/pb171/pb173-test/cmake-build-debug/CMakeFiles/CMakeTmp

Run Build Command:"/usr/bin/make" "cmTC_b011b/fast"
/usr/bin/make -f CMakeFiles/cmTC_b011b.dir/build.make CMakeFiles/cmTC_b011b.dir/build
make[1]: Entering directory '/home/roman/pb171/pb173-test/cmake-build-debug/CMakeFiles/CMakeTmp'
Building C object CMakeFiles/cmTC_b011b.dir/CheckFunctionExists.c.o
/usr/bin/cc    -Wall -Wextra -W -Wdeclaration-after-statement -Wwrite-strings -Wlogical-op -Wshadow -DCHECK_FUNCTION_EXISTS=pthread_create   -o CMakeFiles/cmTC_b011b.dir/CheckFunctionExists.c.o   -c /home/roman/clion-2016.3.2/bin/cmake/share/cmake-3.6/Modules/CheckFunctionExists.c
Linking C executable cmTC_b011b
/home/roman/clion-2016.3.2/bin/cmake/bin/cmake -E cmake_link_script CMakeFiles/cmTC_b011b.dir/link.txt --verbose=1
/usr/bin/cc   -Wall -Wextra -W -Wdeclaration-after-statement -Wwrite-strings -Wlogical-op -Wshadow -DCHECK_FUNCTION_EXISTS=pthread_create    CMakeFiles/cmTC_b011b.dir/CheckFunctionExists.c.o  -o cmTC_b011b -rdynamic -lpthreads 
/usr/bin/ld: cannot find -lpthreads
collect2: error: ld returned 1 exit status
CMakeFiles/cmTC_b011b.dir/build.make:97: recipe for target 'cmTC_b011b' failed
make[1]: *** [cmTC_b011b] Error 1
make[1]: Leaving directory '/home/roman/pb171/pb173-test/cmake-build-debug/CMakeFiles/CMakeTmp'
Makefile:126: recipe for target 'cmTC_b011b/fast' failed
make: *** [cmTC_b011b/fast] Error 2


